app/seeds.txt
com.xuexiang.xupdatedemo.App
com.xuexiang.xupdatedemo.fragment.AdvancedUseFragment
com.xuexiang.xupdatedemo.R
com.xuexiang.xupdatedemo.fragment.XUpdateServiceFragment
com.xuexiang.xupdatedemo.activity.UpdateActivity
com.xuexiang.xupdatedemo.databinding.ActivityUpdateBinding
com.xuexiang.xupdatedemo.custom.CustomUpdatePrompter$1
com.xuexiang.xupdatedemo.R$xml
com.xuexiang.xupdatedemo.custom.CustomUpdateParser
com.xuexiang.xupdatedemo.custom.XUpdateServiceParser
com.xuexiang.xupdatedemo.R$string
com.xuexiang.xupdatedemo.custom.CustomUpdatePrompter$1$1
com.xuexiang.xupdatedemo.R$layout
com.xuexiang.xupdatedemo.R$style
com.xuexiang.xupdatedemo.entity.AppVersionInfo
com.xuexiang.xupdatedemo.fragment.MainFragment$1
com.xuexiang.xupdatedemo.http.OKHttpUpdateHttpService
com.xuexiang.xupdatedemo.activity.MainActivity
com.xuexiang.xupdatedemo.R$color
com.xuexiang.xupdatedemo.fragment.AdvancedUseFragment$2
com.xuexiang.xupdatedemo.http.OKHttpUpdateHttpService$2
com.xuexiang.xupdatedemo.http.OKHttpUpdateHttpService$3
com.xuexiang.xupdatedemo.App$2
com.xuexiang.xupdatedemo.entity.ApiResult
com.xuexiang.xupdatedemo.App$1
com.xuexiang.xupdatedemo.http.XHttpUpdateHttpService
com.xuexiang.xupdatedemo.custom.CustomUpdatePrompter$2
com.xuexiang.xupdatedemo.utils.StatusBarUtils
com.xuexiang.xupdatedemo.Constants
com.xuexiang.xupdatedemo.fragment.FileMD5Fragment
com.xuexiang.xupdatedemo.R$mipmap
com.xuexiang.xupdatedemo.utils.NotifyUtils
com.xuexiang.xupdatedemo.entity.CustomResult
com.xuexiang.xupdatedemo.utils.CProgressDialogUtils
com.xuexiang.xupdatedemo.utils.SettingSPUtils
com.xuexiang.xupdatedemo.http.OKHttpUpdateHttpService$1
com.xuexiang.xupdatedemo.fragment.AdvancedUseFragment$1
com.xuexiang.xupdatedemo.activity.MainActivity$1
com.xuexiang.xupdatedemo.utils.HProgressDialogUtils
com.xuexiang.xupdatedemo.fragment.MainFragment
com.xuexiang.xupdatedemo.R$id
com.xuexiang.xupdatedemo.fragment.BasicUseFragment
com.xuexiang.xupdatedemo.http.XHttpUpdateHttpService$1
com.xuexiang.xupdatedemo.databinding.FragmentXupdateServiceBinding
com.xuexiang.xupdatedemo.R$drawable
com.xuexiang.xupdatedemo.http.XHttpUpdateHttpService$3
com.xuexiang.xupdatedemo.databinding.FragmentFileMd5Binding
com.xuexiang.xupdatedemo.fragment.TestFragment
com.xuexiang.xupdatedemo.custom.CustomUpdatePrompter
com.xuexiang.xupdatedemo.http.XHttpUpdateHttpService$2
com.xuexiang.xupdatedemo.R$id: int tv_size
com.xuexiang.xupdatedemo.R$mipmap: int ic_launcher
com.xuexiang.xupdatedemo.entity.CustomResult: long apkSize
com.xuexiang.xupdatedemo.R$drawable: int ic_launcher_foreground
com.xuexiang.xupdatedemo.R$id: int tv_path
com.xuexiang.xupdatedemo.R$id: int btn_save
com.xuexiang.xupdatedemo.entity.ApiResult: java.lang.String CODE
com.xuexiang.xupdatedemo.R$id: int et_service_url
com.xuexiang.xupdatedemo.entity.ApiResult: java.lang.String MSG
com.xuexiang.xupdatedemo.R$mipmap: int ic_launcher_round
com.xuexiang.xupdatedemo.entity.CustomResult: boolean isIgnorable
com.xuexiang.xupdatedemo.entity.AppVersionInfo: java.lang.String appKey
com.xuexiang.xupdatedemo.entity.AppVersionInfo: java.lang.Integer versionCode
com.xuexiang.xupdatedemo.R$color: int update_theme_color
com.xuexiang.xupdatedemo.entity.AppVersionInfo: java.lang.Integer versionId
com.xuexiang.xupdatedemo.R$id: int btn_share_md5
com.xuexiang.xupdatedemo.entity.AppVersionInfo: java.lang.String modifyContent
com.xuexiang.xupdatedemo.R$color: int colorPrimaryDark
com.xuexiang.xupdatedemo.R$string: int app_name
com.xuexiang.xupdatedemo.R$color: int colorAccent
com.xuexiang.xupdatedemo.entity.AppVersionInfo: java.lang.String versionName
com.xuexiang.xupdatedemo.entity.AppVersionInfo: java.lang.Integer apkSize
com.xuexiang.xupdatedemo.entity.CustomResult: java.lang.String updateLog
com.xuexiang.xupdatedemo.R$drawable: int ic_launcher_background
com.xuexiang.xupdatedemo.entity.ApiResult: java.lang.String DATA
com.xuexiang.xupdatedemo.R$id: int btn_share_file
...
com.google.gson.internal.bind.TypeAdapters$4: void write(com.google.gson.stream.JsonWriter,java.lang.Object)
androidx.core.app.AlarmManagerCompat$Api23Impl: AlarmManagerCompat$Api23Impl()
com.google.gson.Gson$1: Gson$1(com.google.gson.Gson)
io.reactivex.internal.operators.maybe.MaybeCallbackObserver: void onSubscribe(io.reactivex.disposables.Disposable)
androidx.core.graphics.WeightTypefaceApi21: long nativeCreateFromTypefaceWithExactStyle(long,int,boolean)
io.reactivex.internal.operators.flowable.FlowableFlatMapCompletable$FlatMapCompletableMainSubscriber$InnerConsumer: boolean isDisposed()
androidx.core.location.LocationManagerCompat$LocationListenerTransport: LocationManagerCompat$LocationListenerTransport(androidx.core.location.LocationManagerCompat$LocationListenerKey,java.util.concurrent.Executor)
androidx.viewpager.widget.ViewPager$SavedState: ViewPager$SavedState(android.os.Parcel,java.lang.ClassLoader)
androidx.core.view.accessibility.AccessibilityNodeInfoCompat: boolean isScrollable()
androidx.core.graphics.ColorUtils: int blendARGB(int,int,float)
kotlin.collections.builders.SetBuilder: boolean removeAll(java.util.Collection)
androidx.appcompat.app.AppCompatDelegate: void setApplicationLocales(androidx.core.os.LocaleListCompat)
io.reactivex.internal.operators.single.SingleCache$CacheDisposable: SingleCache$CacheDisposable(io.reactivex.SingleObserver,io.reactivex.internal.operators.single.SingleCache)
io.reactivex.internal.operators.completable.CompletableUsing$UsingObserver: boolean isDisposed()
kotlinx.coroutines.debug.internal.DebugCoroutineInfoImpl$creationStackTrace$1: java.lang.Object invokeSuspend(java.lang.Object)
com.google.gson.Gson: java.lang.Object fromJson(com.google.gson.stream.JsonReader,com.google.gson.reflect.TypeToken)
kotlinx.coroutines.channels.ChannelsKt__DeprecatedKt$take$1: java.lang.Object invoke(java.lang.Object,java.lang.Object)
androidx.lifecycle.LifecycleRegistry: androidx.lifecycle.Lifecycle$State min(androidx.lifecycle.Lifecycle$State,androidx.lifecycle.Lifecycle$State)
io.reactivex.internal.operators.flowable.FlowableRangeLong$BaseRangeSubscription: void cancel()
androidx.emoji2.text.EmojiCompat: androidx.emoji2.text.EmojiCompat init(android.content.Context)
androidx.core.database.CursorKt: java.lang.Float getFloatOrNull(android.database.Cursor,int)
androidx.appcompat.app.AppCompatDelegateImpl: void setLocalNightMode(int)
androidx.core.view.DisplayCutoutCompat: int getSafeInsetTop()
androidx.fragment.app.FragmentLifecycleCallbacksDispatcher: void dispatchOnFragmentDestroyed(androidx.fragment.app.Fragment,boolean)
androidx.appcompat.widget.ActionMenuView$ActionMenuPresenterCallback: ActionMenuView$ActionMenuPresenterCallback()
kotlinx.coroutines.channels.ChannelsKt__ChannelsKt$sendBlocking$1: ChannelsKt__ChannelsKt$sendBlocking$1(kotlinx.coroutines.channels.SendChannel,java.lang.Object,kotlin.coroutines.Continuation)
io.reactivex.internal.operators.flowable.FlowableRange$BaseRangeSubscription: void slowPath(long)
androidx.core.text.PrecomputedTextCompat$Params: PrecomputedTextCompat$Params(android.text.TextPaint,android.text.TextDirectionHeuristic,int,int)
androidx.appcompat.view.menu.ListMenuItemView: ListMenuItemView(android.content.Context,android.util.AttributeSet,int)
androidx.emoji2.text.flatbuffer.ReadWriteBuf: void setLong(int,long)
io.reactivex.internal.operators.flowable.FlowableRetryBiPredicate$RetryBiSubscriber: void subscribeNext()
com.google.gson.JsonArray: java.util.Iterator iterator()
androidx.collection.SparseArrayCompat: int indexOfKey(int)
io.reactivex.internal.util.VolatileSizeArrayList: boolean retainAll(java.util.Collection)
androidx.collection.CircularArray: void addLast(java.lang.Object)
androidx.core.content.OnTrimMemoryProvider: void removeOnTrimMemoryListener(androidx.core.util.Consumer)