app/mapping.txt
# compiler: R8
# compiler_version: 8.13.6
# min_api: 28
# common_typos_disable
# {"id":"com.android.tools.r8.mapping","version":"2.2"}
# pg_map_id: 3cebc8a75640d00bad00e25ca1cdd001f240b13c97ba3058be60827a6dc74251
# pg_map_hash: SHA-256 3cebc8a75640d00bad00e25ca1cdd001f240b13c97ba3058be60827a6dc74251
com.xuexiang.xupdatedemo.App -> com.xuexiang.xupdatedemo.App:
# {"id":"sourceFile","fileName":"App.java"}
    1:4:void <init>():47:47 -> <init>
    1:9:void initOKHttpUtils():119:119 -> a
    10:13:void initOKHttpUtils():120:120 -> a
    14:17:void initOKHttpUtils():121:121 -> a
    18:21:void initOKHttpUtils():122:122 -> a
    22:25:void initOKHttpUtils():123:123 -> a
    1:5:void initUpdate():79:79 -> b
    6:10:void initUpdate():80:80 -> b
    11:14:void initUpdate():82:82 -> b
    15:18:void initUpdate():84:84 -> b
    19:22:void initUpdate():86:86 -> b
    23:38:void initUpdate():88:88 -> b
    39:51:void initUpdate():89:89 -> b
    52:55:void initUpdate():91:91 -> b
    56:64:void initUpdate():102:102 -> b
    65:68:void initUpdate():104:104 -> b
    69:72:void initUpdate():106:106 -> b
    1:3:void initXHttp():112:112 -> c
    4:8:void initXHttp():114:114 -> c
    9:18:void initXHttp():115:115 -> c
    1:4:void onCreate():51:51 -> onCreate
    5:7:void onCreate():52:52 -> onCreate
    8:13:void onCreate():54:54 -> onCreate
    14:17:void onCreate():55:55 -> onCreate
    18:20:void onCreate():56:56 -> onCreate
    21:23:void onCreate():59:59 -> onCreate
    24:26:void onCreate():61:61 -> onCreate
    27:34:void onCreate():63:63 -> onCreate
    35:37:void onCreate():71:71 -> onCreate
    38:40:void onCreate():73:73 -> onCreate
    41:44:void onCreate():75:75 -> onCreate
com.xuexiang.xupdatedemo.App$1 -> com.xuexiang.xupdatedemo.App$1:
# {"id":"sourceFile","fileName":"App.java"}
    com.xuexiang.xupdatedemo.App this$0 -> a
    1:6:void <init>(com.xuexiang.xupdatedemo.App):63:63 -> <init>
    1:27:void onDenied(java.util.List):66:66 -> a
com.xuexiang.xupdatedemo.App$2 -> com.xuexiang.xupdatedemo.App$2:
# {"id":"sourceFile","fileName":"App.java"}
    com.xuexiang.xupdatedemo.App this$0 -> a
    1:6:void <init>(com.xuexiang.xupdatedemo.App):91:91 -> <init>
    1:3:void onFailure(com.xuexiang.xupdate.entity.UpdateError):94:94 -> a
    4:11:void onFailure(com.xuexiang.xupdate.entity.UpdateError):96:96 -> a
    12:19:void onFailure(com.xuexiang.xupdate.entity.UpdateError):97:97 -> a
com.xuexiang.xupdatedemo.Constants -> com.xuexiang.xupdatedemo.Constants:
# {"id":"sourceFile","fileName":"Constants.java"}
com.xuexiang.xupdatedemo.R$color -> com.xuexiang.xupdatedemo.R$color:
    1:4:void <init>():0:0 -> <init>
com.xuexiang.xupdatedemo.R$drawable -> com.xuexiang.xupdatedemo.R$drawable:
    1:4:void <init>():0:0 -> <init>
com.xuexiang.xupdatedemo.R$id -> com.xuexiang.xupdatedemo.R$id:
    1:4:void <init>():0:0 -> <init>
com.xuexiang.xupdatedemo.R$layout -> com.xuexiang.xupdatedemo.R$layout:
    1:4:void <init>():0:0 -> <init>
com.xuexiang.xupdatedemo.R$mipmap -> com.xuexiang.xupdatedemo.R$mipmap:
    1:4:void <init>():0:0 -> <init>
com.xuexiang.xupdatedemo.R$string -> com.xuexiang.xupdatedemo.R$string:
    1:4:void <init>():0:0 -> <init>
com.xuexiang.xupdatedemo.R$style -> com.xuexiang.xupdatedemo.R$style:
    1:4:void <init>():0:0 -> <init>
com.xuexiang.xupdatedemo.R$xml -> com.xuexiang.xupdatedemo.R$xml:
    1:4:void <init>():0:0 -> <init>
com.xuexiang.xupdatedemo.activity.MainActivity -> com.xuexiang.xupdatedemo.activity.MainActivity:
# {"id":"sourceFile","fileName":"MainActivity.java"}
    1:4:void <init>():27:27 -> <init>
    1:3:void onCreate(android.os.Bundle):31:31 -> onCreate
    4:8:void onCreate(android.os.Bundle):33:33 -> onCreate
    9:14:void onCreate(android.os.Bundle):35:35 -> onCreate
    15:20:void onCreate(android.os.Bundle):36:36 -> onCreate
    21:26:void onCreate(android.os.Bundle):37:37 -> onCreate
    27:35:void onCreate(android.os.Bundle):38:38 -> onCreate
    36:44:void onCreate(android.os.Bundle):39:39 -> onCreate
    45:48:void onCreate(android.os.Bundle):45:45 -> onCreate
    49:52:void onCreate(android.os.Bundle):46:46 -> onCreate
...
androidx.core.view.VelocityTrackerCompat -> androidx.core.view.VelocityTrackerCompat:
# {"id":"sourceFile","fileName":"VelocityTrackerCompat.java"}
    1:4:void <init>():52:52 -> <init>
    1:5:float getXVelocity(android.view.VelocityTracker,int):37:37 -> getXVelocity
    1:5:float getYVelocity(android.view.VelocityTracker,int):49:49 -> getYVelocity
androidx.core.view.ViewCompat -> androidx.core.view.ViewCompat:
# {"id":"sourceFile","fileName":"ViewCompat.java"}
    1:9:void <clinit>():477:477 -> <clinit>
    10:12:void <clinit>():489:489 -> <clinit>
    13:14:void <clinit>():493:493 -> <clinit>
    15:84:void <clinit>():1243:1243 -> <clinit>
    85:91:void <clinit>():2857:2857 -> <clinit>
    92:99:void <clinit>():4541:4541 -> <clinit>
    1:4:void <init>():4154:4154 -> <init>
    1:1:androidx.core.view.ContentInfoCompat $r8$lambda$mRexKut8PHPxTytR38MAzVT9ekI(androidx.core.view.ContentInfoCompat):0:0 -> a
      # {"id":"com.android.tools.r8.synthesized"}
    1:12:androidx.core.view.ViewCompat$AccessibilityViewProperty accessibilityHeadingProperty():4386:4386 -> accessibilityHeadingProperty
    1:1:int addAccessibilityAction(android.view.View,java.lang.CharSequence,androidx.core.view.accessibility.AccessibilityViewCommand):1234:1234 -> addAccessibilityAction
    2:2:int addAccessibilityAction(android.view.View,java.lang.CharSequence,androidx.core.view.accessibility.AccessibilityViewCommand):1236:1236 -> addAccessibilityAction
    3:3:int addAccessibilityAction(android.view.View,java.lang.CharSequence,androidx.core.view.accessibility.AccessibilityViewCommand):1238:1238 -> addAccessibilityAction
    4:7:void addAccessibilityAction(android.view.View,androidx.core.view.accessibility.AccessibilityNodeInfoCompat$AccessibilityActionCompat):1329:1332 -> addAccessibilityAction
androidx.core.view.ViewCompat$$ExternalSyntheticLambda0 -> androidx.core.view.u:
# {"id":"sourceFile","fileName":"R8$$SyntheticClass"}
# {"id":"com.android.tools.r8.synthesized"}
    1:4:void <init>():0:0 -> <init>
      # {"id":"com.android.tools.r8.synthesized"}
    1:5:androidx.core.view.ContentInfoCompat onReceiveContent(androidx.core.view.ContentInfoCompat):0:0 -> onReceiveContent
      # {"id":"com.android.tools.r8.synthesized"}
androidx.core.view.ViewCompat$1 -> androidx.core.view.ViewCompat$1:
# {"id":"sourceFile","fileName":"ViewCompat.java"}
    1:4:void <init>(int,java.lang.Class,int):4233:4233 -> <init>
    1:1:java.lang.Object frameworkGet(android.view.View):4233:4233 -> frameworkGet
    2:2:java.lang.Boolean frameworkGet(android.view.View):4238:4238 -> frameworkGet
    1:1:void frameworkSet(android.view.View,java.lang.Object):4233:4233 -> frameworkSet
    2:2:void frameworkSet(android.view.View,java.lang.Boolean):4244:4244 -> frameworkSet
    1:1:boolean shouldUpdate(java.lang.Object,java.lang.Object):4233:4233 -> shouldUpdate
    2:2:boolean shouldUpdate(java.lang.Boolean,java.lang.Boolean):4249:4249 -> shouldUpdate
androidx.core.view.ViewCompat$2 -> androidx.core.view.ViewCompat$2:
# {"id":"sourceFile","fileName":"ViewCompat.java"}
    1:4:void <init>(int,java.lang.Class,int,int):4307:4307 -> <init>
    1:1:java.lang.Object frameworkGet(android.view.View):4307:4307 -> frameworkGet
    2:2:java.lang.CharSequence frameworkGet(android.view.View):4312:4312 -> frameworkGet
    1:1:void frameworkSet(android.view.View,java.lang.Object):4307:4307 -> frameworkSet
    2:2:void frameworkSet(android.view.View,java.lang.CharSequence):4318:4318 -> frameworkSet
    1:1:boolean shouldUpdate(java.lang.Object,java.lang.Object):4307:4307 -> shouldUpdate
    2:2:boolean shouldUpdate(java.lang.CharSequence,java.lang.CharSequence):4323:4323 -> shouldUpdate