app/unused.txt
com.xuexiang.xupdatedemo.Constants:
    public static final java.lang.String CUSTOM_UPDATE_URL
    public static final java.lang.String DEFAULT_UPDATE_URL
    public static final java.lang.String FORCED_UPDATE_URL
    public static final java.lang.String IGNORE_UPDATE_URL
    public static final java.lang.String XUPDATE_DEMO_DOWNLOAD_URL
    public void <init>()
com.xuexiang.xupdatedemo.R:
    private void <init>()
com.xuexiang.xupdatedemo.databinding.FragmentFileMd5Binding:
    public static com.xuexiang.xupdatedemo.databinding.FragmentFileMd5Binding inflate(android.view.LayoutInflater)
    public static com.xuexiang.xupdatedemo.databinding.FragmentFileMd5Binding inflate(android.view.LayoutInflater,android.view.ViewGroup,boolean)
com.xuexiang.xupdatedemo.databinding.FragmentXupdateServiceBinding:
    public static com.xuexiang.xupdatedemo.databinding.FragmentXupdateServiceBinding inflate(android.view.LayoutInflater)
    public static com.xuexiang.xupdatedemo.databinding.FragmentXupdateServiceBinding inflate(android.view.LayoutInflater,android.view.ViewGroup,boolean)
com.xuexiang.xupdatedemo.fragment.AdvancedUseFragment:
    private static final int REQUEST_CODE_SELECT_APK_FILE
com.xuexiang.xupdatedemo.fragment.FileMD5Fragment:
    private static final int REQUEST_CODE_SELECT_APK_FILE
com.xuexiang.xupdatedemo.utils.CProgressDialogUtils:
    private void <init>()
    public static void showProgressDialog(android.app.Activity)
    public static void showProgressDialog(android.app.Activity,android.content.DialogInterface$OnCancelListener)
    public static void showProgressDialog(android.app.Activity,java.lang.String,android.content.DialogInterface$OnCancelListener)
com.xuexiang.xupdatedemo.utils.HProgressDialogUtils:
    private void <init>()
    public static void onLoading(long,long)
    public static void setMax(long)
    public static void setProgress(long)
com.xuexiang.xupdatedemo.utils.NotifyUtils:
    private void <init>()
com.xuexiang.xupdatedemo.utils.StatusBarUtils:
    private void <init>()
    public static void cancelFullScreen(android.app.Activity,int,int)
com.xuexiang.xupdatedemo.utils.CProgressDialogUtils:
    public static final java.lang.String TAG
...
io.reactivex.internal.util.QueueDrainHelper:
    static final long COMPLETED_MASK
    static final long REQUESTED_MASK
    private void <init>()
io.reactivex.internal.util.SorterFunction:
    public void <init>(java.util.Comparator)
io.reactivex.observables.ConnectableObservable:
    public io.reactivex.Observable autoConnect()
    public io.reactivex.Observable autoConnect(int)
    public io.reactivex.Observable autoConnect(int,io.reactivex.functions.Consumer)
    public final io.reactivex.disposables.Disposable connect()
    private io.reactivex.observables.ConnectableObservable onRefCount()
    public io.reactivex.Observable refCount()
    public final io.reactivex.Observable refCount(int)
    public final io.reactivex.Observable refCount(int,long,java.util.concurrent.TimeUnit)
    public final io.reactivex.Observable refCount(int,long,java.util.concurrent.TimeUnit,io.reactivex.Scheduler)
    public final io.reactivex.Observable refCount(long,java.util.concurrent.TimeUnit)
    public final io.reactivex.Observable refCount(long,java.util.concurrent.TimeUnit,io.reactivex.Scheduler)
io.reactivex.observables.GroupedObservable:
    public java.lang.Object getKey()
io.reactivex.observers.BaseTestConsumer:
    protected java.lang.CharSequence tag
    protected boolean timeout
    public void <init>()
    public final io.reactivex.observers.BaseTestConsumer assertComplete()
    public final io.reactivex.observers.BaseTestConsumer assertEmpty()
    public final io.reactivex.observers.BaseTestConsumer assertError(io.reactivex.functions.Predicate)
    public final io.reactivex.observers.BaseTestConsumer assertError(java.lang.Class)
    public final io.reactivex.observers.BaseTestConsumer assertError(java.lang.Throwable)
    public final io.reactivex.observers.BaseTestConsumer assertErrorMessage(java.lang.String)
    public final varargs io.reactivex.observers.BaseTestConsumer assertFailure(io.reactivex.functions.Predicate,java.lang.Object[])
    public final varargs io.reactivex.observers.BaseTestConsumer assertFailure(java.lang.Class,java.lang.Object[])
    public final varargs io.reactivex.observers.BaseTestConsumer assertFailureAndMessage(java.lang.Class,java.lang.String,java.lang.Object[])
    public final io.reactivex.observers.BaseTestConsumer assertNever(io.reactivex.functions.Predicate)
    public final io.reactivex.observers.BaseTestConsumer assertNever(java.lang.Object)
    public final io.reactivex.observers.BaseTestConsumer assertNoErrors()
    public final io.reactivex.observers.BaseTestConsumer assertNoTimeout()
    public final io.reactivex.observers.BaseTestConsumer assertNoValues()
io.reactivex.observers.DefaultObserver:
    protected final void cancel()
io.reactivex.observers.DisposableCompletableObserver:
    public void <init>()
io.reactivex.observers.DisposableMaybeObserver:
    public void <init>()
io.reactivex.observers.DisposableSingleObserver:
    public void <init>()
io.reactivex.observers.LambdaConsumerIntrospection:
    public abstract boolean hasCustomOnError()
io.reactivex.observers.ResourceCompletableObserver:
    public void <init>()
    public final void add(io.reactivex.disposables.Disposable)
io.reactivex.observers.ResourceMaybeObserver:
    public void <init>()
    public final void add(io.reactivex.disposables.Disposable)
io.reactivex.observers.ResourceObserver:
    public void <init>()
    public final void add(io.reactivex.disposables.Disposable)
io.reactivex.observers.ResourceSingleObserver:
    public void <init>()
    public final void add(io.reactivex.disposables.Disposable)
io.reactivex.observers.SafeObserver:
    public void <init>(io.reactivex.Observer)
io.reactivex.observers.SerializedObserver:
    static final int QUEUE_LINK_SIZE